<?xml version="1.0" encoding="UTF-8"?>
<!-- Generated by org.testng.reporters.JUnitReportReporter -->
<testsuite skipped="0" hostname="DESKTOP-RTOOT5Q" name="LoginTest" tests="1" failures="0" timestamp="2021-04-08T07:49:06 IST" time="13.871" errors="0">
  <testcase name="doLogin" time="13.871" classname="LoginTest"/>
</testsuite> <!-- LoginTest -->
